Started on Aug 11, 2021 11:47:53 AM
Started by event from 140.82.115.144 ⇒ http://1c658e279846.ngrok.io:8080/github-webhook/ on Wed Aug 11 11:47:52 UTC 2021
Polling SCM changes on master
Using strategy: Default
[poll] Last Built Revision: Revision 23fc2f90817b07a1ba4179ba0e0ff3964a34b7ef (origin/development)
The recommended git tool is: NONE
using credential fc51b632-51c1-4bd9-a00c-54689bcba68d
 > git rev-parse --resolve-git-dir /var/jenkins_home/workspace/CI-CD-DailyShiba/.git # timeout=10
Fetching changes from the remote Git repositories
 > git config remote.origin.url https://github.com/Leschnitzky/SergeyPortfolioApp # timeout=10
Fetching upstream changes from https://github.com/Leschnitzky/SergeyPortfolioApp
 > git --version # timeout=10
 > git --version # 'git version 2.20.1'
using GIT_ASKPASS to set credentials 
 > git fetch --tags --force --progress -- https://github.com/Leschnitzky/SergeyPortfolioApp +refs/heads/*:refs/remotes/origin/* # timeout=10
Polling for changes in
Seen branch in repository origin/ci_cd_env
Seen branch in repository origin/development
Seen branch in repository origin/master
Seen 3 remote branches
 > git show-ref --tags -d # timeout=10
 > git log --full-history --no-abbrev --format=raw -M -m 23fc2f90817b07a1ba4179ba0e0ff3964a34b7ef..0fc7d91deb4b3151a9cc03fc2c0e8406fc071734 # timeout=10
Done. Took 0.77 sec
Changes found
