Started on Aug 11, 2021 1:37:57 PM
Started by event from 140.82.115.250 ⇒ http://1c658e279846.ngrok.io:8080/github-webhook/ on Wed Aug 11 13:37:57 UTC 2021
Polling SCM changes on master
Using strategy: Default
[poll] Last Built Revision: Revision 93834637a9ca9e237bd2366b8a827d54757544b9 (origin/development)
The recommended git tool is: NONE
using credential fc51b632-51c1-4bd9-a00c-54689bcba68d
 > git rev-parse --resolve-git-dir /var/jenkins_home/workspace/CI-CD-DailyShiba/.git # timeout=10
Fetching changes from the remote Git repositories
 > git config remote.origin.url https://github.com/Leschnitzky/SergeyPortfolioApp # timeout=10
Fetching upstream changes from https://github.com/Leschnitzky/SergeyPortfolioApp
 > git --version # timeout=10
 > git --version # 'git version 2.20.1'
using GIT_ASKPASS to set credentials 
 > git fetch --tags --force --progress -- https://github.com/Leschnitzky/SergeyPortfolioApp +refs/heads/*:refs/remotes/origin/* # timeout=10
Polling for changes in
Seen branch in repository origin/ci_cd_env
Seen branch in repository origin/development
Seen branch in repository origin/master
Seen 3 remote branches
 > git show-ref --tags -d # timeout=10
 > git log --full-history --no-abbrev --format=raw -M -m 93834637a9ca9e237bd2366b8a827d54757544b9..76c2c900e20e5de18bca7050b7db3e5ddca8d7e0 # timeout=10
Done. Took 0.77 sec
Changes found
